2021-04-06 02:26:29 - Create larger array. New length 15
2021-04-06 02:26:29 - delete last index = %d

2021-04-06 02:34:46 - Create larger array. New length 15
2021-04-06 02:34:46 - delete last index = 10
2021-04-06 02:35:57 - Create larger array. New length 15
2021-04-06 02:35:57 - delete last index = 10
2021-04-06 02:38:47 - Create larger array. New length 15
2021-04-06 02:38:47 - delete last index = 10
2021-04-06 02:40:25 - Create larger array. New length 15
2021-04-06 02:40:25 - delete last index = 10
2021-04-06 02:43:50 - Create larger array. New length 15
2021-04-06 02:43:50 - delete last index = 10
2021-04-06 02:43:50 - index 345out of range
2021-04-07 00:43:48 - Create larger array. New length 15.
2021-04-07 00:43:48 - delete last index = 10
2021-04-07 00:43:48 - index 345 out of range
2021-04-12 12:58:58 - Create larger array. New length 15.
2021-04-12 12:58:58 - delete last index = 10
2021-04-12 12:58:58 - index 345 out of range
2021-04-12 14:50:19 - Create larger array. New length 15.
2021-04-12 14:50:19 - delete last index = 10
2021-04-12 14:50:19 - index 345 out of range
2021-04-12 14:56:33 - Create larger array. New length 15.
2021-04-12 14:56:33 - delete last index = 10
2021-04-12 14:56:33 - index 345 out of range
